<?xml version="1.0" ?><testsuite errors="0" failures="0" hostname="localhost" name="lettuce" tests="58" time="0" timestamp="2015-09-24T12:04:43"><testcase classname="Sign In : Sign In with empty data" name="Given I go to &quot;sign up&quot; page" time="8.819095"/><testcase classname="Sign In : Sign In with empty data" name="When I click on &quot;button signup&quot; in &quot;sign up&quot;" time="0.197897"/><testcase classname="Sign In : Sign In with empty data" name="And I see &quot;alert all empty&quot; in &quot;sign up&quot;" time="0.603822"/><testcase classname="Sign In : Sign In with empty data" name="Then I click on &quot;button close alert&quot; in &quot;sign up&quot;" time="0.144085"/><testcase classname="Sign In : Sign In just with name" name="Given I go to &quot;sign up&quot; page" time="0.897538"/><testcase classname="Sign In : Sign In just with name" name="When I fill &quot;input name&quot; by &quot;name&quot; in &quot;sign up&quot;" time="1.016088"/><testcase classname="Sign In : Sign In just with name" name="And I click on &quot;button signup&quot; in &quot;sign up&quot;" time="0.12598"/><testcase classname="Sign In : Sign In just with name" name="Then I see &quot;alert all empty&quot; in &quot;sign up&quot;" time="0.541548"/><testcase classname="Sign In : Sign In with empty name" name="Given I go to &quot;sign up&quot; page" time="0.782577"/><testcase classname="Sign In : Sign In with empty name" name="When I fill &quot;input email&quot; by &quot;email&quot; in &quot;sign up&quot;" time="0.160555"/><testcase classname="Sign In : Sign In with empty name" name="And I fill &quot;input password&quot; by &quot;password&quot; in &quot;sign up&quot;" time="0.154448"/><testcase classname="Sign In : Sign In with empty name" name="And I fill &quot;input re-password&quot; by &quot;password&quot; in &quot;sign up&quot;" time="0.153694"/><testcase classname="Sign In : Sign In with empty name" name="And I click on &quot;button signup&quot; in &quot;sign up&quot;" time="0.109982"/><testcase classname="Sign In : Sign In with empty name" name="Then I see &quot;alert empty name&quot; in &quot;sign up&quot;" time="0.55258"/><testcase classname="Sign In : Sign In with invalid email" name="Given I go to &quot;sign up&quot; page" time="0.941118"/><testcase classname="Sign In : Sign In with invalid email" name="When I fill &quot;input name&quot; by &quot;name&quot; in &quot;sign up&quot;" time="0.225474"/><testcase classname="Sign In : Sign In with invalid email" name="And I fill &quot;input email&quot; by &quot;bad email&quot; in &quot;sign up&quot;" time="0.132948"/><testcase classname="Sign In : Sign In with invalid email" name="And I fill &quot;input password&quot; by &quot;password&quot; in &quot;sign up&quot;" time="0.157781"/><testcase classname="Sign In : Sign In with invalid email" name="And I fill &quot;input re-password&quot; by &quot;password&quot; in &quot;sign up&quot;" time="0.147243"/><testcase classname="Sign In : Sign In with invalid email" name="And I click on &quot;button signup&quot; in &quot;sign up&quot;" time="0.1187"/><testcase classname="Sign In : Sign In with invalid email" name="Then I see &quot;alert invalid email&quot; in &quot;sign up&quot;" time="0.541736"/><testcase classname="Sign In : Sign In with empty email" name="Given I go to &quot;sign up&quot; page" time="0.836944"/><testcase classname="Sign In : Sign In with empty email" name="When I fill &quot;input name&quot; by &quot;name&quot; in &quot;sign up&quot;" time="0.208215"/><testcase classname="Sign In : Sign In with empty email" name="And I fill &quot;input password&quot; by &quot;password&quot; in &quot;sign up&quot;" time="0.162087"/><testcase classname="Sign In : Sign In with empty email" name="And I fill &quot;input re-password&quot; by &quot;password&quot; in &quot;sign up&quot;" time="0.146892"/><testcase classname="Sign In : Sign In with empty email" name="And I click on &quot;button signup&quot; in &quot;sign up&quot;" time="0.115161"/><testcase classname="Sign In : Sign In with empty email" name="Then I see &quot;alert invalid email&quot; in &quot;sign up&quot;" time="0.537329"/><testcase classname="Sign In : Sign In just with email" name="Given I go to &quot;sign up&quot; page" time="1.239209"/><testcase classname="Sign In : Sign In just with email" name="When I fill &quot;input email&quot; by &quot;email&quot; in &quot;sign up&quot;" time="0.152882"/><testcase classname="Sign In : Sign In just with email" name="And I click on &quot;button signup&quot; in &quot;sign up&quot;" time="0.111294"/><testcase classname="Sign In : Sign In just with email" name="Then I see &quot;alert empty name&quot; in &quot;sign up&quot;" time="0.534521"/><testcase classname="Sign In : Sign In with invalid short password" name="Given I go to &quot;sign up&quot; page" time="0.914844"/><testcase classname="Sign In : Sign In with invalid short password" name="When I fill &quot;input name&quot; by &quot;name&quot; in &quot;sign up&quot;" time="0.194507"/><testcase classname="Sign In : Sign In with invalid short password" name="And I fill &quot;input email&quot; by &quot;email&quot; in &quot;sign up&quot;" time="0.160325"/><testcase classname="Sign In : Sign In with invalid short password" name="And I fill &quot;input password&quot; by &quot;short password&quot; in &quot;sign up&quot;" time="0.085703"/><testcase classname="Sign In : Sign In with invalid short password" name="And I fill &quot;input re-password&quot; by &quot;short password&quot; in &quot;sign up&quot;" time="0.067808"/><testcase classname="Sign In : Sign In with invalid short password" name="And I click on &quot;button signup&quot; in &quot;sign up&quot;" time="0.119999"/><testcase classname="Sign In : Sign In with invalid short password" name="Then I see &quot;alert short password&quot; in &quot;sign up&quot;" time="1.876569"/><testcase classname="Sign In : Sign In with empty password" name="Given I go to &quot;sign up&quot; page" time="0.968288"/><testcase classname="Sign In : Sign In with empty password" name="When I fill &quot;input name&quot; by &quot;name&quot; in &quot;sign up&quot;" time="0.25732"/><testcase classname="Sign In : Sign In with empty password" name="And I fill &quot;input email&quot; by &quot;email&quot; in &quot;sign up&quot;" time="0.181457"/><testcase classname="Sign In : Sign In with empty password" name="And I click on &quot;button signup&quot; in &quot;sign up&quot;" time="0.126375"/><testcase classname="Sign In : Sign In with empty password" name="Then I see &quot;alert empty password&quot; in &quot;sign up&quot;" time="0.586547"/><testcase classname="Sign In : Sign In with different passwords" name="Given I go to &quot;sign up&quot; page" time="1.4169"/><testcase classname="Sign In : Sign In with different passwords" name="When I fill &quot;input name&quot; by &quot;name&quot; in &quot;sign up&quot;" time="0.199586"/><testcase classname="Sign In : Sign In with different passwords" name="And I fill &quot;input email&quot; by &quot;email&quot; in &quot;sign up&quot;" time="0.169258"/><testcase classname="Sign In : Sign In with different passwords" name="And I fill &quot;input password&quot; by &quot;short password&quot; in &quot;sign up&quot;" time="0.065766"/><testcase classname="Sign In : Sign In with different passwords" name="And I fill &quot;input re-password&quot; by &quot;password&quot; in &quot;sign up&quot;" time="0.138172"/><testcase classname="Sign In : Sign In with different passwords" name="And I click on &quot;button signup&quot; in &quot;sign up&quot;" time="0.121909"/><testcase classname="Sign In : Sign In with different passwords" name="Then I see &quot;alert don't match passwords&quot; in &quot;sign up&quot;" time="0.539212"/><testcase classname="Sign In : Sign In with good data" name="Given I go to &quot;sign up&quot; page" time="1.181173"/><testcase classname="Sign In : Sign In with good data" name="When I fill &quot;input name&quot; by &quot;true name&quot; in &quot;sign up&quot;" time="0.140194"/><testcase classname="Sign In : Sign In with good data" name="And I fill &quot;input email&quot; by &quot;email&quot; in &quot;sign up&quot;" time="0.17751"/><testcase classname="Sign In : Sign In with good data" name="And I fill &quot;input password&quot; by &quot;password&quot; in &quot;sign up&quot;" time="0.194594"/><testcase classname="Sign In : Sign In with good data" name="And I fill &quot;input re-password&quot; by &quot;password&quot; in &quot;sign up&quot;" time="0.140652"/><testcase classname="Sign In : Sign In with good data" name="And I click on &quot;button signup&quot; in &quot;sign up&quot;" time="0.12979"/><testcase classname="Sign In : Sign In with good data" name="Then I see &quot;welcome title&quot; in &quot;welcome&quot;" time="2.231726"/><testcase classname="Sign In : Sign In with good data" name="And I see &quot;user name&quot; in &quot;header&quot;" time="0.033423"/></testsuite>